2017-12-13 15:45:14,225 - [main][INFO] [AbstractApplicationContext.java:510] - Refreshing org.springframework.context.support.FileSystemXmlApplicationContext@42c7c991: startup date [Wed Dec 13 15:45:14 CST 2017]; root of context hierarchy
 2017-12-13 15:45:14,272 - [main][INFO] [XmlBeanDefinitionReader.java:315] - Loading XML bean definitions from URL [file:D:/git/MyObject/GetApi/api/conf/applicationContext.xml]
 2017-12-13 15:45:14,530 - [main][INFO] [PropertiesLoaderSupport.java:172] - Loading properties file from URL [file:D:/git/MyObject/GetApi/api/conf/log4j.properties]
 2017-12-13 15:45:14,531 - [main][INFO] [PropertiesLoaderSupport.java:172] - Loading properties file from URL [file:D:/git/MyObject/GetApi/api/conf/mysql.properties]
 2017-12-13 15:45:14,531 - [main][INFO] [PropertiesLoaderSupport.java:172] - Loading properties file from URL [file:D:/git/MyObject/GetApi/api/conf/memcache.properties]
 2017-12-13 15:45:14,532 - [main][INFO] [PropertiesLoaderSupport.java:172] - Loading properties file from URL [file:D:/git/MyObject/GetApi/api/conf/redis.properties]
 2017-12-13 15:45:14,550 - [main][INFO] [DefaultListableBeanFactory.java:596] - Pre-instantiating singletons in org.springframework.beans.factory.support.DefaultListableBeanFactory@5882bf84: defining beans [propertyConfigurer,org.springframework.context.annotation.internalConfigurationAnnotationProcessor,org.springframework.context.annotation.internalAutowiredAnnotationProcessor,org.springframework.context.annotation.internalRequiredAnnotationProcessor,org.springframework.context.annotation.internalCommonAnnotationProcessor,db,memcachedClientBuilder,memcachedClient,redisPoolConfig,redisConnectionFactory,redisClient,pullOfferJob,updateOffers,pullOffer,startQuertz,org.springframework.context.annotation.ConfigurationClassPostProcessor.importAwareProcessor]; root of factory hierarchy
 2017-12-13 15:45:14,633 - [main][WARN] [XMemcachedClient.java:727] - XMemcachedClient use Binary protocol
 2017-12-13 15:45:14,670 - [main][INFO] [SelectorManager.java:37] - Creating 8 reactors...
 2017-12-13 15:45:14,697 - [main][WARN] [AbstractController.java:372] - The Controller started at localhost/127.0.0.1:0 ...
 2017-12-13 15:45:14,796 - [Xmemcached-Reactor-0][WARN] [MemcachedConnector.java:251] - Add a session: 54.254.227.241:11211
 2017-12-13 15:45:14,831 - [main][INFO] [DefaultSingletonBeanRegistry.java:444] - Destroying singletons in org.springframework.beans.factory.support.DefaultListableBeanFactory@5882bf84: defining beans [propertyConfigurer,org.springframework.context.annotation.internalConfigurationAnnotationProcessor,org.springframework.context.annotation.internalAutowiredAnnotationProcessor,org.springframework.context.annotation.internalRequiredAnnotationProcessor,org.springframework.context.annotation.internalCommonAnnotationProcessor,db,memcachedClientBuilder,memcachedClient,redisPoolConfig,redisConnectionFactory,redisClient,pullOfferJob,updateOffers,pullOffer,startQuertz,org.springframework.context.annotation.ConfigurationClassPostProcessor.importAwareProcessor]; root of factory hierarchy
 2017-12-13 15:45:15,047 - [main][INFO] [AbstractController.java:478] - Controller has been stopped.
 2017-12-13 15:45:15,047 - [Xmemcached-Reactor-2][WARN] [MemcachedConnector.java:365] - Remove a session: 54.254.227.241:11211
 2017-12-13 15:45:15,048 - [main][ERROR] [PullOfferLauncher.java:22] - server start failed.
 org.springframework.beans.factory.CannotLoadBeanClassException: Cannot find class [com.pilot.oversea.offer.cache.redis.RedisConfig] for bean with name 'redisConnectionFactory' defined in URL [file:D:/git/MyObject/GetApi/api/conf/applicationContext.xml]; nested exception is java.lang.ClassNotFoundException: com.pilot.oversea.offer.cache.redis.RedisConfig
	at org.springframework.beans.factory.support.AbstractBeanFactory.resolveBeanClass(AbstractBeanFactory.java:1266)
	at org.springframework.beans.factory.support.AbstractAutowireCapableBeanFactory.predictBeanType(AbstractAutowireCapableBeanFactory.java:581)
	at org.springframework.beans.factory.support.AbstractBeanFactory.isFactoryBean(AbstractBeanFactory.java:1335)
	at org.springframework.beans.factory.support.AbstractBeanFactory.isFactoryBean(AbstractBeanFactory.java:901)
	at org.springframework.beans.factory.support.DefaultListableBeanFactory.preInstantiateSingletons(DefaultListableBeanFactory.java:607)
	at org.springframework.context.support.AbstractApplicationContext.finishBeanFactoryInitialization(AbstractApplicationContext.java:932)
	at org.springframework.context.support.AbstractApplicationContext.refresh(AbstractApplicationContext.java:479)
	at org.springframework.context.support.FileSystemXmlApplicationContext.<init>(FileSystemXmlApplicationContext.java:140)
	at org.springframework.context.support.FileSystemXmlApplicationContext.<init>(FileSystemXmlApplicationContext.java:84)
	at com.cappuccino.offer.PullOfferLauncher.setupSpringApplicationContext(PullOfferLauncher.java:36)
	at com.cappuccino.offer.PullOfferLauncher.setup(PullOfferLauncher.java:28)
	at com.cappuccino.offer.PullOfferLauncher.main(PullOfferLauncher.java:19)
Caused by: java.lang.ClassNotFoundException: com.pilot.oversea.offer.cache.redis.RedisConfig
	at java.net.URLClassLoader$1.run(URLClassLoader.java:366)
	at java.net.URLClassLoader$1.run(URLClassLoader.java:355)
	at java.security.AccessController.doPrivileged(Native Method)
	at java.net.URLClassLoader.findClass(URLClassLoader.java:354)
	at java.lang.ClassLoader.loadClass(ClassLoader.java:425)
	at sun.misc.Launcher$AppClassLoader.loadClass(Launcher.java:308)
	at java.lang.ClassLoader.loadClass(ClassLoader.java:358)
	at org.springframework.util.ClassUtils.forName(ClassUtils.java:260)
	at org.springframework.beans.factory.support.AbstractBeanDefinition.resolveBeanClass(AbstractBeanDefinition.java:416)
	at org.springframework.beans.factory.support.AbstractBeanFactory.doResolveBeanClass(AbstractBeanFactory.java:1287)
	at org.springframework.beans.factory.support.AbstractBeanFactory.resolveBeanClass(AbstractBeanFactory.java:1258)
	... 11 more
2017-12-13 15:47:53,372 - [main][INFO] [AbstractApplicationContext.java:510] - Refreshing org.springframework.context.support.FileSystemXmlApplicationContext@42c7c991: startup date [Wed Dec 13 15:47:53 CST 2017]; root of context hierarchy
 2017-12-13 15:47:53,417 - [main][INFO] [XmlBeanDefinitionReader.java:315] - Loading XML bean definitions from URL [file:D:/git/MyObject/GetApi/api/conf/applicationContext.xml]
 2017-12-13 15:47:53,849 - [main][INFO] [PropertiesLoaderSupport.java:172] - Loading properties file from URL [file:D:/git/MyObject/GetApi/api/conf/log4j.properties]
 2017-12-13 15:47:53,849 - [main][INFO] [PropertiesLoaderSupport.java:172] - Loading properties file from URL [file:D:/git/MyObject/GetApi/api/conf/mysql.properties]
 2017-12-13 15:47:53,850 - [main][INFO] [PropertiesLoaderSupport.java:172] - Loading properties file from URL [file:D:/git/MyObject/GetApi/api/conf/memcache.properties]
 2017-12-13 15:47:53,851 - [main][INFO] [PropertiesLoaderSupport.java:172] - Loading properties file from URL [file:D:/git/MyObject/GetApi/api/conf/redis.properties]
 2017-12-13 15:47:53,872 - [main][INFO] [DefaultListableBeanFactory.java:596] - Pre-instantiating singletons in org.springframework.beans.factory.support.DefaultListableBeanFactory@4d7d26eb: defining beans [propertyConfigurer,adDAO,adTemDAO,apkDAO,blackAppDAO,classApkDAO,countryDAO,offerBlackListDAO,OfferDAO,providerDAO,SupervisorsDAO,org.springframework.context.annotation.internalConfigurationAnnotationProcessor,org.springframework.context.annotation.internalAutowiredAnnotationProcessor,org.springframework.context.annotation.internalRequiredAnnotationProcessor,org.springframework.context.annotation.internalCommonAnnotationProcessor,db,memcachedClientBuilder,memcachedClient,redisPoolConfig,redisConnectionFactory,redisClient,pullOfferJob,updateOffers,pullOffer,startQuertz,org.springframework.context.annotation.ConfigurationClassPostProcessor.importAwareProcessor]; root of factory hierarchy
 2017-12-13 15:47:54,059 - [main][WARN] [XMemcachedClient.java:727] - XMemcachedClient use Binary protocol
 2017-12-13 15:47:54,095 - [main][INFO] [SelectorManager.java:37] - Creating 8 reactors...
 2017-12-13 15:47:54,117 - [main][WARN] [AbstractController.java:372] - The Controller started at localhost/127.0.0.1:0 ...
 2017-12-13 15:47:55,219 - [Xmemcached-Reactor-0][WARN] [MemcachedConnector.java:251] - Add a session: 54.254.227.241:11211
 2017-12-13 15:47:55,328 - [main][INFO] [StdSchedulerFactory.java:1184] - Using default implementation for ThreadExecutor
 2017-12-13 15:47:55,339 - [main][INFO] [SchedulerSignalerImpl.java:61] - Initialized Scheduler Signaller of type: class org.quartz.core.SchedulerSignalerImpl
 2017-12-13 15:47:55,340 - [main][INFO] [QuartzScheduler.java:240] - Quartz Scheduler v.2.2.1 created.
 2017-12-13 15:47:55,341 - [main][INFO] [RAMJobStore.java:155] - RAMJobStore initialized.
 2017-12-13 15:47:55,342 - [main][INFO] [QuartzScheduler.java:305] - Scheduler meta-data: Quartz Scheduler (v2.2.1) 'startQuertz' with instanceId 'NON_CLUSTERED'
  Scheduler class: 'org.quartz.core.QuartzScheduler' - running locally.
  NOT STARTED.
  Currently in standby mode.
  Number of jobs executed: 0
  Using thread pool 'org.quartz.simpl.SimpleThreadPool' - with 10 threads.
  Using job-store 'org.quartz.simpl.RAMJobStore' - which does not support persistence. and is not clustered.

 2017-12-13 15:47:55,343 - [main][INFO] [StdSchedulerFactory.java:1339] - Quartz scheduler 'startQuertz' initialized from an externally provided properties instance.
 2017-12-13 15:47:55,343 - [main][INFO] [StdSchedulerFactory.java:1343] - Quartz scheduler version: 2.2.1
 2017-12-13 15:47:55,344 - [main][INFO] [QuartzScheduler.java:2311] - JobFactory set to: org.springframework.scheduling.quartz.AdaptableJobFactory@6a19905e
 2017-12-13 15:47:55,349 - [main][INFO] [DefaultLifecycleProcessor.java:334] - Starting beans in phase 2147483647
 2017-12-13 15:47:55,350 - [main][INFO] [SchedulerFactoryBean.java:648] - Starting Quartz Scheduler now
 2017-12-13 15:47:55,350 - [main][INFO] [QuartzScheduler.java:575] - Scheduler startQuertz_$_NON_CLUSTERED started.
 2017-12-13 15:47:55,361 - [main][INFO] [PullOfferLauncher.java:20] - server start success.
 2017-12-13 15:48:00,019 - [startQuertz_Worker-1][INFO] [PullOfferV1.java:28] - update offer start.....
 2017-12-13 15:48:00,019 - [startQuertz_Worker-1][ERROR] [PullOfferJob.java:102] - org.springframework.beans.factory.NoSuchBeanDefinitionException: No bean named 'providerDao' is defined
 2017-12-13 15:49:18,399 - [main][INFO] [AbstractApplicationContext.java:510] - Refreshing org.springframework.context.support.FileSystemXmlApplicationContext@42c7c991: startup date [Wed Dec 13 15:49:18 CST 2017]; root of context hierarchy
 2017-12-13 15:49:18,442 - [main][INFO] [XmlBeanDefinitionReader.java:315] - Loading XML bean definitions from URL [file:D:/git/MyObject/GetApi/api/conf/applicationContext.xml]
 2017-12-13 15:49:18,740 - [main][INFO] [PropertiesLoaderSupport.java:172] - Loading properties file from URL [file:D:/git/MyObject/GetApi/api/conf/log4j.properties]
 2017-12-13 15:49:18,741 - [main][INFO] [PropertiesLoaderSupport.java:172] - Loading properties file from URL [file:D:/git/MyObject/GetApi/api/conf/mysql.properties]
 2017-12-13 15:49:18,741 - [main][INFO] [PropertiesLoaderSupport.java:172] - Loading properties file from URL [file:D:/git/MyObject/GetApi/api/conf/memcache.properties]
 2017-12-13 15:49:18,742 - [main][INFO] [PropertiesLoaderSupport.java:172] - Loading properties file from URL [file:D:/git/MyObject/GetApi/api/conf/redis.properties]
 2017-12-13 15:49:18,763 - [main][INFO] [DefaultListableBeanFactory.java:596] - Pre-instantiating singletons in org.springframework.beans.factory.support.DefaultListableBeanFactory@85fdc60: defining beans [propertyConfigurer,adDAO,adTemDAO,apkDAO,blackAppDAO,classApkDAO,countryDAO,offerBlackListDAO,OfferDAO,providerDAO,SupervisorsDAO,org.springframework.context.annotation.internalConfigurationAnnotationProcessor,org.springframework.context.annotation.internalAutowiredAnnotationProcessor,org.springframework.context.annotation.internalRequiredAnnotationProcessor,org.springframework.context.annotation.internalCommonAnnotationProcessor,db,memcachedClientBuilder,memcachedClient,redisPoolConfig,redisConnectionFactory,redisClient,pullOfferJob,updateOffers,pullOffer,startQuertz,org.springframework.context.annotation.ConfigurationClassPostProcessor.importAwareProcessor]; root of factory hierarchy
 2017-12-13 15:49:18,931 - [main][WARN] [XMemcachedClient.java:727] - XMemcachedClient use Binary protocol
 2017-12-13 15:49:18,966 - [main][INFO] [SelectorManager.java:37] - Creating 8 reactors...
 2017-12-13 15:49:18,987 - [main][WARN] [AbstractController.java:372] - The Controller started at localhost/127.0.0.1:0 ...
 2017-12-13 15:49:19,074 - [Xmemcached-Reactor-0][WARN] [MemcachedConnector.java:251] - Add a session: 54.254.227.241:11211
 2017-12-13 15:49:19,175 - [main][INFO] [StdSchedulerFactory.java:1184] - Using default implementation for ThreadExecutor
 2017-12-13 15:49:19,188 - [main][INFO] [SchedulerSignalerImpl.java:61] - Initialized Scheduler Signaller of type: class org.quartz.core.SchedulerSignalerImpl
 2017-12-13 15:49:19,189 - [main][INFO] [QuartzScheduler.java:240] - Quartz Scheduler v.2.2.1 created.
 2017-12-13 15:49:19,190 - [main][INFO] [RAMJobStore.java:155] - RAMJobStore initialized.
 2017-12-13 15:49:19,191 - [main][INFO] [QuartzScheduler.java:305] - Scheduler meta-data: Quartz Scheduler (v2.2.1) 'startQuertz' with instanceId 'NON_CLUSTERED'
  Scheduler class: 'org.quartz.core.QuartzScheduler' - running locally.
  NOT STARTED.
  Currently in standby mode.
  Number of jobs executed: 0
  Using thread pool 'org.quartz.simpl.SimpleThreadPool' - with 10 threads.
  Using job-store 'org.quartz.simpl.RAMJobStore' - which does not support persistence. and is not clustered.

 2017-12-13 15:49:19,193 - [main][INFO] [StdSchedulerFactory.java:1339] - Quartz scheduler 'startQuertz' initialized from an externally provided properties instance.
 2017-12-13 15:49:19,193 - [main][INFO] [StdSchedulerFactory.java:1343] - Quartz scheduler version: 2.2.1
 2017-12-13 15:49:19,194 - [main][INFO] [QuartzScheduler.java:2311] - JobFactory set to: org.springframework.scheduling.quartz.AdaptableJobFactory@3dd8e2ea
 2017-12-13 15:49:19,200 - [main][INFO] [DefaultLifecycleProcessor.java:334] - Starting beans in phase 2147483647
 2017-12-13 15:49:19,200 - [main][INFO] [SchedulerFactoryBean.java:648] - Starting Quartz Scheduler now
 2017-12-13 15:49:19,200 - [main][INFO] [QuartzScheduler.java:575] - Scheduler startQuertz_$_NON_CLUSTERED started.
 2017-12-13 15:49:19,203 - [main][INFO] [PullOfferLauncher.java:20] - server start success.
 2017-12-13 15:50:00,020 - [startQuertz_Worker-1][INFO] [PullOfferV1.java:24] - update offer start.....
 2017-12-13 15:50:00,020 - [startQuertz_Worker-1][ERROR] [PullOfferJob.java:102] - org.springframework.beans.factory.NoSuchBeanDefinitionException: No bean named 'CacheProviderDAO' is defined
 2017-12-13 15:51:39,356 - [main][INFO] [AbstractApplicationContext.java:510] - Refreshing org.springframework.context.support.FileSystemXmlApplicationContext@4a8270d7: startup date [Wed Dec 13 15:51:39 CST 2017]; root of context hierarchy
 2017-12-13 15:51:39,402 - [main][INFO] [XmlBeanDefinitionReader.java:315] - Loading XML bean definitions from URL [file:D:/git/MyObject/GetApi/api/conf/applicationContext.xml]
 2017-12-13 15:51:39,704 - [main][INFO] [PropertiesLoaderSupport.java:172] - Loading properties file from URL [file:D:/git/MyObject/GetApi/api/conf/log4j.properties]
 2017-12-13 15:51:39,705 - [main][INFO] [PropertiesLoaderSupport.java:172] - Loading properties file from URL [file:D:/git/MyObject/GetApi/api/conf/mysql.properties]
 2017-12-13 15:51:39,705 - [main][INFO] [PropertiesLoaderSupport.java:172] - Loading properties file from URL [file:D:/git/MyObject/GetApi/api/conf/memcache.properties]
 2017-12-13 15:51:39,706 - [main][INFO] [PropertiesLoaderSupport.java:172] - Loading properties file from URL [file:D:/git/MyObject/GetApi/api/conf/redis.properties]
 2017-12-13 15:51:39,728 - [main][INFO] [DefaultListableBeanFactory.java:596] - Pre-instantiating singletons in org.springframework.beans.factory.support.DefaultListableBeanFactory@4d7d26eb: defining beans [propertyConfigurer,adDAO,adTemDAO,apkDAO,blackAppDAO,classApkDAO,countryDAO,offerBlackListDAO,OfferDAO,providerDAO,SupervisorsDAO,org.springframework.context.annotation.internalConfigurationAnnotationProcessor,org.springframework.context.annotation.internalAutowiredAnnotationProcessor,org.springframework.context.annotation.internalRequiredAnnotationProcessor,org.springframework.context.annotation.internalCommonAnnotationProcessor,db,memcachedClientBuilder,memcachedClient,redisPoolConfig,redisConnectionFactory,redisClient,pullOfferJob,updateOffers,pullOffer,startQuertz,org.springframework.context.annotation.ConfigurationClassPostProcessor.importAwareProcessor]; root of factory hierarchy
 2017-12-13 15:51:39,890 - [main][WARN] [XMemcachedClient.java:727] - XMemcachedClient use Binary protocol
 2017-12-13 15:51:39,925 - [main][INFO] [SelectorManager.java:37] - Creating 8 reactors...
 2017-12-13 15:51:39,948 - [main][WARN] [AbstractController.java:372] - The Controller started at localhost/127.0.0.1:0 ...
 2017-12-13 15:51:40,031 - [Xmemcached-Reactor-0][WARN] [MemcachedConnector.java:251] - Add a session: 54.254.227.241:11211
 2017-12-13 15:51:40,130 - [main][INFO] [StdSchedulerFactory.java:1184] - Using default implementation for ThreadExecutor
 2017-12-13 15:51:40,142 - [main][INFO] [SchedulerSignalerImpl.java:61] - Initialized Scheduler Signaller of type: class org.quartz.core.SchedulerSignalerImpl
 2017-12-13 15:51:40,143 - [main][INFO] [QuartzScheduler.java:240] - Quartz Scheduler v.2.2.1 created.
 2017-12-13 15:51:40,144 - [main][INFO] [RAMJobStore.java:155] - RAMJobStore initialized.
 2017-12-13 15:51:40,145 - [main][INFO] [QuartzScheduler.java:305] - Scheduler meta-data: Quartz Scheduler (v2.2.1) 'startQuertz' with instanceId 'NON_CLUSTERED'
  Scheduler class: 'org.quartz.core.QuartzScheduler' - running locally.
  NOT STARTED.
  Currently in standby mode.
  Number of jobs executed: 0
  Using thread pool 'org.quartz.simpl.SimpleThreadPool' - with 10 threads.
  Using job-store 'org.quartz.simpl.RAMJobStore' - which does not support persistence. and is not clustered.

 2017-12-13 15:51:40,146 - [main][INFO] [StdSchedulerFactory.java:1339] - Quartz scheduler 'startQuertz' initialized from an externally provided properties instance.
 2017-12-13 15:51:40,146 - [main][INFO] [StdSchedulerFactory.java:1343] - Quartz scheduler version: 2.2.1
 2017-12-13 15:51:40,148 - [main][INFO] [QuartzScheduler.java:2311] - JobFactory set to: org.springframework.scheduling.quartz.AdaptableJobFactory@345541bd
 2017-12-13 15:51:40,153 - [main][INFO] [DefaultLifecycleProcessor.java:334] - Starting beans in phase 2147483647
 2017-12-13 15:51:40,154 - [main][INFO] [SchedulerFactoryBean.java:648] - Starting Quartz Scheduler now
 2017-12-13 15:51:40,154 - [main][INFO] [QuartzScheduler.java:575] - Scheduler startQuertz_$_NON_CLUSTERED started.
 2017-12-13 15:51:40,157 - [main][INFO] [PullOfferLauncher.java:20] - server start success.
 2017-12-13 15:52:00,019 - [startQuertz_Worker-1][INFO] [PullOfferV1.java:25] - update offer start.....
 2017-12-13 15:52:00,020 - [startQuertz_Worker-1][ERROR] [PullOfferJob.java:102] - org.springframework.beans.factory.NoSuchBeanDefinitionException: No bean named 'ProviderDAO' is defined
 2017-12-13 16:04:37,765 - [main][INFO] [AbstractApplicationContext.java:510] - Refreshing org.springframework.context.support.FileSystemXmlApplicationContext@42c7c991: startup date [Wed Dec 13 16:04:37 CST 2017]; root of context hierarchy
 2017-12-13 16:04:37,811 - [main][INFO] [XmlBeanDefinitionReader.java:315] - Loading XML bean definitions from URL [file:D:/git/MyObject/GetApi/api/conf/applicationContext.xml]
 2017-12-13 16:04:38,119 - [main][INFO] [PropertiesLoaderSupport.java:172] - Loading properties file from URL [file:D:/git/MyObject/GetApi/api/conf/log4j.properties]
 2017-12-13 16:04:38,120 - [main][INFO] [PropertiesLoaderSupport.java:172] - Loading properties file from URL [file:D:/git/MyObject/GetApi/api/conf/mysql.properties]
 2017-12-13 16:04:38,120 - [main][INFO] [PropertiesLoaderSupport.java:172] - Loading properties file from URL [file:D:/git/MyObject/GetApi/api/conf/memcache.properties]
 2017-12-13 16:04:38,121 - [main][INFO] [PropertiesLoaderSupport.java:172] - Loading properties file from URL [file:D:/git/MyObject/GetApi/api/conf/redis.properties]
 2017-12-13 16:04:38,143 - [main][INFO] [DefaultListableBeanFactory.java:596] - Pre-instantiating singletons in org.springframework.beans.factory.support.DefaultListableBeanFactory@85fdc60: defining beans [propertyConfigurer,adDAO,adTemDAO,apkDAO,blackAppDAO,classApkDAO,countryDAO,offerBlackListDAO,OfferDAO,SupervisorsDAO,providerDAO,org.springframework.context.annotation.internalConfigurationAnnotationProcessor,org.springframework.context.annotation.internalAutowiredAnnotationProcessor,org.springframework.context.annotation.internalRequiredAnnotationProcessor,org.springframework.context.annotation.internalCommonAnnotationProcessor,db,memcachedClientBuilder,memcachedClient,redisPoolConfig,redisConnectionFactory,redisClient,pullOfferJob,updateOffers,pullOffer,startQuertz,org.springframework.context.annotation.ConfigurationClassPostProcessor.importAwareProcessor]; root of factory hierarchy
 2017-12-13 16:04:38,302 - [main][WARN] [XMemcachedClient.java:727] - XMemcachedClient use Binary protocol
 2017-12-13 16:04:38,337 - [main][INFO] [SelectorManager.java:37] - Creating 8 reactors...
 2017-12-13 16:04:38,360 - [main][WARN] [AbstractController.java:372] - The Controller started at localhost/127.0.0.1:0 ...
 2017-12-13 16:04:38,443 - [Xmemcached-Reactor-0][WARN] [MemcachedConnector.java:251] - Add a session: 54.254.227.241:11211
 2017-12-13 16:04:38,546 - [main][INFO] [StdSchedulerFactory.java:1184] - Using default implementation for ThreadExecutor
 2017-12-13 16:04:38,558 - [main][INFO] [SchedulerSignalerImpl.java:61] - Initialized Scheduler Signaller of type: class org.quartz.core.SchedulerSignalerImpl
 2017-12-13 16:04:38,558 - [main][INFO] [QuartzScheduler.java:240] - Quartz Scheduler v.2.2.1 created.
 2017-12-13 16:04:38,559 - [main][INFO] [RAMJobStore.java:155] - RAMJobStore initialized.
 2017-12-13 16:04:38,560 - [main][INFO] [QuartzScheduler.java:305] - Scheduler meta-data: Quartz Scheduler (v2.2.1) 'startQuertz' with instanceId 'NON_CLUSTERED'
  Scheduler class: 'org.quartz.core.QuartzScheduler' - running locally.
  NOT STARTED.
  Currently in standby mode.
  Number of jobs executed: 0
  Using thread pool 'org.quartz.simpl.SimpleThreadPool' - with 10 threads.
  Using job-store 'org.quartz.simpl.RAMJobStore' - which does not support persistence. and is not clustered.

 2017-12-13 16:04:38,562 - [main][INFO] [StdSchedulerFactory.java:1339] - Quartz scheduler 'startQuertz' initialized from an externally provided properties instance.
 2017-12-13 16:04:38,562 - [main][INFO] [StdSchedulerFactory.java:1343] - Quartz scheduler version: 2.2.1
 2017-12-13 16:04:38,563 - [main][INFO] [QuartzScheduler.java:2311] - JobFactory set to: org.springframework.scheduling.quartz.AdaptableJobFactory@244b4efd
 2017-12-13 16:04:38,569 - [main][INFO] [DefaultLifecycleProcessor.java:334] - Starting beans in phase 2147483647
 2017-12-13 16:04:38,569 - [main][INFO] [SchedulerFactoryBean.java:648] - Starting Quartz Scheduler now
 2017-12-13 16:04:38,569 - [main][INFO] [QuartzScheduler.java:575] - Scheduler startQuertz_$_NON_CLUSTERED started.
 2017-12-13 16:04:38,572 - [main][INFO] [PullOfferLauncher.java:20] - server start success.
 2017-12-13 16:05:00,024 - [startQuertz_Worker-1][INFO] [PullOfferV1.java:24] - update offer start.....
 2017-12-13 16:05:02,924 - [startQuertz_Worker-1][INFO] [PullOfferV1.java:50] - update offer into tem  end.....
 2017-12-13 16:06:26,677 - [main][INFO] [AbstractApplicationContext.java:510] - Refreshing org.springframework.context.support.FileSystemXmlApplicationContext@4a8270d7: startup date [Wed Dec 13 16:06:26 CST 2017]; root of context hierarchy
 2017-12-13 16:06:26,723 - [main][INFO] [XmlBeanDefinitionReader.java:315] - Loading XML bean definitions from URL [file:D:/git/MyObject/GetApi/api/conf/applicationContext.xml]
 2017-12-13 16:06:27,031 - [main][INFO] [PropertiesLoaderSupport.java:172] - Loading properties file from URL [file:D:/git/MyObject/GetApi/api/conf/log4j.properties]
 2017-12-13 16:06:27,032 - [main][INFO] [PropertiesLoaderSupport.java:172] - Loading properties file from URL [file:D:/git/MyObject/GetApi/api/conf/mysql.properties]
 2017-12-13 16:06:27,032 - [main][INFO] [PropertiesLoaderSupport.java:172] - Loading properties file from URL [file:D:/git/MyObject/GetApi/api/conf/memcache.properties]
 2017-12-13 16:06:27,033 - [main][INFO] [PropertiesLoaderSupport.java:172] - Loading properties file from URL [file:D:/git/MyObject/GetApi/api/conf/redis.properties]
 2017-12-13 16:06:27,054 - [main][INFO] [DefaultListableBeanFactory.java:596] - Pre-instantiating singletons in org.springframework.beans.factory.support.DefaultListableBeanFactory@4d7d26eb: defining beans [propertyConfigurer,adDAO,adTemDAO,apkDAO,blackAppDAO,classApkDAO,countryDAO,offerBlackListDAO,OfferDAO,SupervisorsDAO,providerDAO,org.springframework.context.annotation.internalConfigurationAnnotationProcessor,org.springframework.context.annotation.internalAutowiredAnnotationProcessor,org.springframework.context.annotation.internalRequiredAnnotationProcessor,org.springframework.context.annotation.internalCommonAnnotationProcessor,db,memcachedClientBuilder,memcachedClient,redisPoolConfig,redisConnectionFactory,redisClient,pullOfferJob,updateOffers,pullOffer,startQuertz,org.springframework.context.annotation.ConfigurationClassPostProcessor.importAwareProcessor]; root of factory hierarchy
 2017-12-13 16:06:27,226 - [main][WARN] [XMemcachedClient.java:727] - XMemcachedClient use Binary protocol
 2017-12-13 16:06:27,263 - [main][INFO] [SelectorManager.java:37] - Creating 8 reactors...
 2017-12-13 16:06:27,285 - [main][WARN] [AbstractController.java:372] - The Controller started at localhost/127.0.0.1:0 ...
 2017-12-13 16:06:27,367 - [Xmemcached-Reactor-0][WARN] [MemcachedConnector.java:251] - Add a session: 54.254.227.241:11211
 2017-12-13 16:06:27,465 - [main][INFO] [StdSchedulerFactory.java:1184] - Using default implementation for ThreadExecutor
 2017-12-13 16:06:27,479 - [main][INFO] [SchedulerSignalerImpl.java:61] - Initialized Scheduler Signaller of type: class org.quartz.core.SchedulerSignalerImpl
 2017-12-13 16:06:27,480 - [main][INFO] [QuartzScheduler.java:240] - Quartz Scheduler v.2.2.1 created.
 2017-12-13 16:06:27,481 - [main][INFO] [RAMJobStore.java:155] - RAMJobStore initialized.
 2017-12-13 16:06:27,482 - [main][INFO] [QuartzScheduler.java:305] - Scheduler meta-data: Quartz Scheduler (v2.2.1) 'startQuertz' with instanceId 'NON_CLUSTERED'
  Scheduler class: 'org.quartz.core.QuartzScheduler' - running locally.
  NOT STARTED.
  Currently in standby mode.
  Number of jobs executed: 0
  Using thread pool 'org.quartz.simpl.SimpleThreadPool' - with 10 threads.
  Using job-store 'org.quartz.simpl.RAMJobStore' - which does not support persistence. and is not clustered.

 2017-12-13 16:06:27,483 - [main][INFO] [StdSchedulerFactory.java:1339] - Quartz scheduler 'startQuertz' initialized from an externally provided properties instance.
 2017-12-13 16:06:27,483 - [main][INFO] [StdSchedulerFactory.java:1343] - Quartz scheduler version: 2.2.1
 2017-12-13 16:06:27,485 - [main][INFO] [QuartzScheduler.java:2311] - JobFactory set to: org.springframework.scheduling.quartz.AdaptableJobFactory@6e7f2886
 2017-12-13 16:06:27,490 - [main][INFO] [DefaultLifecycleProcessor.java:334] - Starting beans in phase 2147483647
 2017-12-13 16:06:27,491 - [main][INFO] [SchedulerFactoryBean.java:648] - Starting Quartz Scheduler now
 2017-12-13 16:06:27,491 - [main][INFO] [QuartzScheduler.java:575] - Scheduler startQuertz_$_NON_CLUSTERED started.
 2017-12-13 16:06:27,494 - [main][INFO] [PullOfferLauncher.java:20] - server start success.
 2017-12-13 16:07:00,025 - [startQuertz_Worker-1][INFO] [PullOfferV1.java:24] - update offer start.....
 2017-12-13 16:07:03,475 - [startQuertz_Worker-1][INFO] [PullOfferV1.java:50] - update offer into tem  end.....
 2017-12-13 16:07:47,444 - [main][INFO] [AbstractApplicationContext.java:510] - Refreshing org.springframework.context.support.FileSystemXmlApplicationContext@42c7c991: startup date [Wed Dec 13 16:07:47 CST 2017]; root of context hierarchy
 2017-12-13 16:07:47,490 - [main][INFO] [XmlBeanDefinitionReader.java:315] - Loading XML bean definitions from URL [file:D:/git/MyObject/GetApi/api/conf/applicationContext.xml]
 2017-12-13 16:07:47,801 - [main][INFO] [PropertiesLoaderSupport.java:172] - Loading properties file from URL [file:D:/git/MyObject/GetApi/api/conf/log4j.properties]
 2017-12-13 16:07:47,802 - [main][INFO] [PropertiesLoaderSupport.java:172] - Loading properties file from URL [file:D:/git/MyObject/GetApi/api/conf/mysql.properties]
 2017-12-13 16:07:47,802 - [main][INFO] [PropertiesLoaderSupport.java:172] - Loading properties file from URL [file:D:/git/MyObject/GetApi/api/conf/memcache.properties]
 2017-12-13 16:07:47,802 - [main][INFO] [PropertiesLoaderSupport.java:172] - Loading properties file from URL [file:D:/git/MyObject/GetApi/api/conf/redis.properties]
 2017-12-13 16:07:47,825 - [main][INFO] [DefaultListableBeanFactory.java:596] - Pre-instantiating singletons in org.springframework.beans.factory.support.DefaultListableBeanFactory@85fdc60: defining beans [propertyConfigurer,adDAO,adTemDAO,apkDAO,blackAppDAO,classApkDAO,countryDAO,offerBlackListDAO,OfferDAO,SupervisorsDAO,providerDAO,org.springframework.context.annotation.internalConfigurationAnnotationProcessor,org.springframework.context.annotation.internalAutowiredAnnotationProcessor,org.springframework.context.annotation.internalRequiredAnnotationProcessor,org.springframework.context.annotation.internalCommonAnnotationProcessor,db,memcachedClientBuilder,memcachedClient,redisPoolConfig,redisConnectionFactory,redisClient,pullOfferJob,updateOffers,pullOffer,startQuertz,org.springframework.context.annotation.ConfigurationClassPostProcessor.importAwareProcessor]; root of factory hierarchy
 2017-12-13 16:07:48,001 - [main][WARN] [XMemcachedClient.java:727] - XMemcachedClient use Binary protocol
 2017-12-13 16:07:48,037 - [main][INFO] [SelectorManager.java:37] - Creating 8 reactors...
 2017-12-13 16:07:48,060 - [main][WARN] [AbstractController.java:372] - The Controller started at localhost/127.0.0.1:0 ...
 2017-12-13 16:07:48,142 - [Xmemcached-Reactor-0][WARN] [MemcachedConnector.java:251] - Add a session: 54.254.227.241:11211
 2017-12-13 16:07:48,243 - [main][INFO] [StdSchedulerFactory.java:1184] - Using default implementation for ThreadExecutor
 2017-12-13 16:07:48,255 - [main][INFO] [SchedulerSignalerImpl.java:61] - Initialized Scheduler Signaller of type: class org.quartz.core.SchedulerSignalerImpl
 2017-12-13 16:07:48,256 - [main][INFO] [QuartzScheduler.java:240] - Quartz Scheduler v.2.2.1 created.
 2017-12-13 16:07:48,257 - [main][INFO] [RAMJobStore.java:155] - RAMJobStore initialized.
 2017-12-13 16:07:48,257 - [main][INFO] [QuartzScheduler.java:305] - Scheduler meta-data: Quartz Scheduler (v2.2.1) 'startQuertz' with instanceId 'NON_CLUSTERED'
  Scheduler class: 'org.quartz.core.QuartzScheduler' - running locally.
  NOT STARTED.
  Currently in standby mode.
  Number of jobs executed: 0
  Using thread pool 'org.quartz.simpl.SimpleThreadPool' - with 10 threads.
  Using job-store 'org.quartz.simpl.RAMJobStore' - which does not support persistence. and is not clustered.

 2017-12-13 16:07:48,259 - [main][INFO] [StdSchedulerFactory.java:1339] - Quartz scheduler 'startQuertz' initialized from an externally provided properties instance.
 2017-12-13 16:07:48,259 - [main][INFO] [StdSchedulerFactory.java:1343] - Quartz scheduler version: 2.2.1
 2017-12-13 16:07:48,261 - [main][INFO] [QuartzScheduler.java:2311] - JobFactory set to: org.springframework.scheduling.quartz.AdaptableJobFactory@6e7f2886
 2017-12-13 16:07:48,266 - [main][INFO] [DefaultLifecycleProcessor.java:334] - Starting beans in phase 2147483647
 2017-12-13 16:07:48,266 - [main][INFO] [SchedulerFactoryBean.java:648] - Starting Quartz Scheduler now
 2017-12-13 16:07:48,266 - [main][INFO] [QuartzScheduler.java:575] - Scheduler startQuertz_$_NON_CLUSTERED started.
 2017-12-13 16:07:48,269 - [main][INFO] [PullOfferLauncher.java:20] - server start success.
 2017-12-13 16:08:00,029 - [startQuertz_Worker-1][INFO] [PullOfferV1.java:24] - update offer start.....
 2017-12-13 16:08:01,728 - [startQuertz_Worker-1][INFO] [PullOfferV1.java:50] - update offer into tem  end.....
 2017-12-13 16:08:54,367 - [main][INFO] [AbstractApplicationContext.java:510] - Refreshing org.springframework.context.support.FileSystemXmlApplicationContext@4a8270d7: startup date [Wed Dec 13 16:08:54 CST 2017]; root of context hierarchy
 2017-12-13 16:08:54,414 - [main][INFO] [XmlBeanDefinitionReader.java:315] - Loading XML bean definitions from URL [file:D:/git/MyObject/GetApi/api/conf/applicationContext.xml]
 2017-12-13 16:08:54,723 - [main][INFO] [PropertiesLoaderSupport.java:172] - Loading properties file from URL [file:D:/git/MyObject/GetApi/api/conf/log4j.properties]
 2017-12-13 16:08:54,724 - [main][INFO] [PropertiesLoaderSupport.java:172] - Loading properties file from URL [file:D:/git/MyObject/GetApi/api/conf/mysql.properties]
 2017-12-13 16:08:54,724 - [main][INFO] [PropertiesLoaderSupport.java:172] - Loading properties file from URL [file:D:/git/MyObject/GetApi/api/conf/memcache.properties]
 2017-12-13 16:08:54,725 - [main][INFO] [PropertiesLoaderSupport.java:172] - Loading properties file from URL [file:D:/git/MyObject/GetApi/api/conf/redis.properties]
 2017-12-13 16:08:54,747 - [main][INFO] [DefaultListableBeanFactory.java:596] - Pre-instantiating singletons in org.springframework.beans.factory.support.DefaultListableBeanFactory@4d7d26eb: defining beans [propertyConfigurer,adDAO,adTemDAO,apkDAO,blackAppDAO,classApkDAO,countryDAO,offerBlackListDAO,OfferDAO,SupervisorsDAO,providerDAO,org.springframework.context.annotation.internalConfigurationAnnotationProcessor,org.springframework.context.annotation.internalAutowiredAnnotationProcessor,org.springframework.context.annotation.internalRequiredAnnotationProcessor,org.springframework.context.annotation.internalCommonAnnotationProcessor,db,memcachedClientBuilder,memcachedClient,redisPoolConfig,redisConnectionFactory,redisClient,pullOfferJob,updateOffers,pullOffer,startQuertz,org.springframework.context.annotation.ConfigurationClassPostProcessor.importAwareProcessor]; root of factory hierarchy
 2017-12-13 16:08:54,912 - [main][WARN] [XMemcachedClient.java:727] - XMemcachedClient use Binary protocol
 2017-12-13 16:08:54,949 - [main][INFO] [SelectorManager.java:37] - Creating 8 reactors...
 2017-12-13 16:08:54,973 - [main][WARN] [AbstractController.java:372] - The Controller started at localhost/127.0.0.1:0 ...
 2017-12-13 16:08:55,061 - [Xmemcached-Reactor-0][WARN] [MemcachedConnector.java:251] - Add a session: 54.254.227.241:11211
 2017-12-13 16:08:55,162 - [main][INFO] [StdSchedulerFactory.java:1184] - Using default implementation for ThreadExecutor
 2017-12-13 16:08:55,175 - [main][INFO] [SchedulerSignalerImpl.java:61] - Initialized Scheduler Signaller of type: class org.quartz.core.SchedulerSignalerImpl
 2017-12-13 16:08:55,176 - [main][INFO] [QuartzScheduler.java:240] - Quartz Scheduler v.2.2.1 created.
 2017-12-13 16:08:55,177 - [main][INFO] [RAMJobStore.java:155] - RAMJobStore initialized.
 2017-12-13 16:08:55,177 - [main][INFO] [QuartzScheduler.java:305] - Scheduler meta-data: Quartz Scheduler (v2.2.1) 'startQuertz' with instanceId 'NON_CLUSTERED'
  Scheduler class: 'org.quartz.core.QuartzScheduler' - running locally.
  NOT STARTED.
  Currently in standby mode.
  Number of jobs executed: 0
  Using thread pool 'org.quartz.simpl.SimpleThreadPool' - with 10 threads.
  Using job-store 'org.quartz.simpl.RAMJobStore' - which does not support persistence. and is not clustered.

 2017-12-13 16:08:55,179 - [main][INFO] [StdSchedulerFactory.java:1339] - Quartz scheduler 'startQuertz' initialized from an externally provided properties instance.
 2017-12-13 16:08:55,179 - [main][INFO] [StdSchedulerFactory.java:1343] - Quartz scheduler version: 2.2.1
 2017-12-13 16:08:55,180 - [main][INFO] [QuartzScheduler.java:2311] - JobFactory set to: org.springframework.scheduling.quartz.AdaptableJobFactory@6e7f2886
 2017-12-13 16:08:55,186 - [main][INFO] [DefaultLifecycleProcessor.java:334] - Starting beans in phase 2147483647
 2017-12-13 16:08:55,186 - [main][INFO] [SchedulerFactoryBean.java:648] - Starting Quartz Scheduler now
 2017-12-13 16:08:55,187 - [main][INFO] [QuartzScheduler.java:575] - Scheduler startQuertz_$_NON_CLUSTERED started.
 2017-12-13 16:08:55,189 - [main][INFO] [PullOfferLauncher.java:20] - server start success.
 2017-12-13 16:09:00,023 - [startQuertz_Worker-1][INFO] [PullOfferV1.java:24] - update offer start.....
 2017-12-13 16:09:01,724 - [startQuertz_Worker-1][INFO] [PullOfferV1.java:50] - update offer into tem  end.....
 2017-12-13 16:11:30,523 - [main][INFO] [AbstractApplicationContext.java:510] - Refreshing org.springframework.context.support.FileSystemXmlApplicationContext@4a8270d7: startup date [Wed Dec 13 16:11:30 CST 2017]; root of context hierarchy
 2017-12-13 16:11:30,571 - [main][INFO] [XmlBeanDefinitionReader.java:315] - Loading XML bean definitions from URL [file:D:/git/MyObject/GetApi/api/conf/applicationContext.xml]
 2017-12-13 16:11:30,894 - [main][INFO] [PropertiesLoaderSupport.java:172] - Loading properties file from URL [file:D:/git/MyObject/GetApi/api/conf/log4j.properties]
 2017-12-13 16:11:30,895 - [main][INFO] [PropertiesLoaderSupport.java:172] - Loading properties file from URL [file:D:/git/MyObject/GetApi/api/conf/mysql.properties]
 2017-12-13 16:11:30,895 - [main][INFO] [PropertiesLoaderSupport.java:172] - Loading properties file from URL [file:D:/git/MyObject/GetApi/api/conf/memcache.properties]
 2017-12-13 16:11:30,896 - [main][INFO] [PropertiesLoaderSupport.java:172] - Loading properties file from URL [file:D:/git/MyObject/GetApi/api/conf/redis.properties]
 2017-12-13 16:11:30,920 - [main][INFO] [DefaultListableBeanFactory.java:596] - Pre-instantiating singletons in org.springframework.beans.factory.support.DefaultListableBeanFactory@4d7d26eb: defining beans [propertyConfigurer,adDAO,adTemDAO,apkDAO,blackAppDAO,classApkDAO,countryDAO,offerBlackListDAO,OfferDAO,SupervisorsDAO,providerDAO,org.springframework.context.annotation.internalConfigurationAnnotationProcessor,org.springframework.context.annotation.internalAutowiredAnnotationProcessor,org.springframework.context.annotation.internalRequiredAnnotationProcessor,org.springframework.context.annotation.internalCommonAnnotationProcessor,db,memcachedClientBuilder,memcachedClient,redisPoolConfig,redisConnectionFactory,redisClient,pullOfferJob,updateOffers,pullOffer,startQuertz,org.springframework.context.annotation.ConfigurationClassPostProcessor.importAwareProcessor]; root of factory hierarchy
 2017-12-13 16:11:31,088 - [main][WARN] [XMemcachedClient.java:727] - XMemcachedClient use Binary protocol
 2017-12-13 16:11:31,127 - [main][INFO] [SelectorManager.java:37] - Creating 8 reactors...
 2017-12-13 16:11:31,151 - [main][WARN] [AbstractController.java:372] - The Controller started at localhost/127.0.0.1:0 ...
 2017-12-13 16:11:31,233 - [Xmemcached-Reactor-0][WARN] [MemcachedConnector.java:251] - Add a session: 54.254.227.241:11211
 2017-12-13 16:11:31,340 - [main][INFO] [StdSchedulerFactory.java:1184] - Using default implementation for ThreadExecutor
 2017-12-13 16:11:31,353 - [main][INFO] [SchedulerSignalerImpl.java:61] - Initialized Scheduler Signaller of type: class org.quartz.core.SchedulerSignalerImpl
 2017-12-13 16:11:31,354 - [main][INFO] [QuartzScheduler.java:240] - Quartz Scheduler v.2.2.1 created.
 2017-12-13 16:11:31,355 - [main][INFO] [RAMJobStore.java:155] - RAMJobStore initialized.
 2017-12-13 16:11:31,356 - [main][INFO] [QuartzScheduler.java:305] - Scheduler meta-data: Quartz Scheduler (v2.2.1) 'startQuertz' with instanceId 'NON_CLUSTERED'
  Scheduler class: 'org.quartz.core.QuartzScheduler' - running locally.
  NOT STARTED.
  Currently in standby mode.
  Number of jobs executed: 0
  Using thread pool 'org.quartz.simpl.SimpleThreadPool' - with 10 threads.
  Using job-store 'org.quartz.simpl.RAMJobStore' - which does not support persistence. and is not clustered.

 2017-12-13 16:11:31,357 - [main][INFO] [StdSchedulerFactory.java:1339] - Quartz scheduler 'startQuertz' initialized from an externally provided properties instance.
 2017-12-13 16:11:31,358 - [main][INFO] [StdSchedulerFactory.java:1343] - Quartz scheduler version: 2.2.1
 2017-12-13 16:11:31,359 - [main][INFO] [QuartzScheduler.java:2311] - JobFactory set to: org.springframework.scheduling.quartz.AdaptableJobFactory@237056b0
 2017-12-13 16:11:31,365 - [main][INFO] [DefaultLifecycleProcessor.java:334] - Starting beans in phase 2147483647
 2017-12-13 16:11:31,365 - [main][INFO] [SchedulerFactoryBean.java:648] - Starting Quartz Scheduler now
 2017-12-13 16:11:31,365 - [main][INFO] [QuartzScheduler.java:575] - Scheduler startQuertz_$_NON_CLUSTERED started.
 2017-12-13 16:11:31,368 - [main][INFO] [PullOfferLauncher.java:20] - server start success.
 2017-12-13 16:12:00,018 - [startQuertz_Worker-1][INFO] [PullOfferV1.java:24] - update offer start.....
 2017-12-13 16:12:01,704 - [startQuertz_Worker-1][INFO] [PullOfferV1.java:51] - update offer into tem  end.....
 2017-12-13 16:16:24,049 - [main][INFO] [AbstractApplicationContext.java:510] - Refreshing org.springframework.context.support.FileSystemXmlApplicationContext@42c7c991: startup date [Wed Dec 13 16:16:24 CST 2017]; root of context hierarchy
 2017-12-13 16:16:24,095 - [main][INFO] [XmlBeanDefinitionReader.java:315] - Loading XML bean definitions from URL [file:D:/git/MyObject/GetApi/api/conf/applicationContext.xml]
 2017-12-13 16:16:24,401 - [main][INFO] [PropertiesLoaderSupport.java:172] - Loading properties file from URL [file:D:/git/MyObject/GetApi/api/conf/log4j.properties]
 2017-12-13 16:16:24,402 - [main][INFO] [PropertiesLoaderSupport.java:172] - Loading properties file from URL [file:D:/git/MyObject/GetApi/api/conf/mysql.properties]
 2017-12-13 16:16:24,403 - [main][INFO] [PropertiesLoaderSupport.java:172] - Loading properties file from URL [file:D:/git/MyObject/GetApi/api/conf/memcache.properties]
 2017-12-13 16:16:24,403 - [main][INFO] [PropertiesLoaderSupport.java:172] - Loading properties file from URL [file:D:/git/MyObject/GetApi/api/conf/redis.properties]
 2017-12-13 16:16:24,425 - [main][INFO] [DefaultListableBeanFactory.java:596] - Pre-instantiating singletons in org.springframework.beans.factory.support.DefaultListableBeanFactory@85fdc60: defining beans [propertyConfigurer,adDAO,adTemDAO,apkDAO,blackAppDAO,classApkDAO,countryDAO,offerBlackListDAO,OfferDAO,SupervisorsDAO,providerDAO,org.springframework.context.annotation.internalConfigurationAnnotationProcessor,org.springframework.context.annotation.internalAutowiredAnnotationProcessor,org.springframework.context.annotation.internalRequiredAnnotationProcessor,org.springframework.context.annotation.internalCommonAnnotationProcessor,db,memcachedClientBuilder,memcachedClient,redisPoolConfig,redisConnectionFactory,redisClient,pullOfferJob,updateOffers,pullOffer,startQuertz,org.springframework.context.annotation.ConfigurationClassPostProcessor.importAwareProcessor]; root of factory hierarchy
 2017-12-13 16:16:24,586 - [main][WARN] [XMemcachedClient.java:727] - XMemcachedClient use Binary protocol
 2017-12-13 16:16:24,622 - [main][INFO] [SelectorManager.java:37] - Creating 8 reactors...
 2017-12-13 16:16:24,644 - [main][WARN] [AbstractController.java:372] - The Controller started at localhost/127.0.0.1:0 ...
 2017-12-13 16:16:24,726 - [Xmemcached-Reactor-0][WARN] [MemcachedConnector.java:251] - Add a session: 54.254.227.241:11211
 2017-12-13 16:16:24,829 - [main][INFO] [StdSchedulerFactory.java:1184] - Using default implementation for ThreadExecutor
 2017-12-13 16:16:24,842 - [main][INFO] [SchedulerSignalerImpl.java:61] - Initialized Scheduler Signaller of type: class org.quartz.core.SchedulerSignalerImpl
 2017-12-13 16:16:24,843 - [main][INFO] [QuartzScheduler.java:240] - Quartz Scheduler v.2.2.1 created.
 2017-12-13 16:16:24,844 - [main][INFO] [RAMJobStore.java:155] - RAMJobStore initialized.
 2017-12-13 16:16:24,845 - [main][INFO] [QuartzScheduler.java:305] - Scheduler meta-data: Quartz Scheduler (v2.2.1) 'startQuertz' with instanceId 'NON_CLUSTERED'
  Scheduler class: 'org.quartz.core.QuartzScheduler' - running locally.
  NOT STARTED.
  Currently in standby mode.
  Number of jobs executed: 0
  Using thread pool 'org.quartz.simpl.SimpleThreadPool' - with 10 threads.
  Using job-store 'org.quartz.simpl.RAMJobStore' - which does not support persistence. and is not clustered.

 2017-12-13 16:16:24,846 - [main][INFO] [StdSchedulerFactory.java:1339] - Quartz scheduler 'startQuertz' initialized from an externally provided properties instance.
 2017-12-13 16:16:24,846 - [main][INFO] [StdSchedulerFactory.java:1343] - Quartz scheduler version: 2.2.1
 2017-12-13 16:16:24,847 - [main][INFO] [QuartzScheduler.java:2311] - JobFactory set to: org.springframework.scheduling.quartz.AdaptableJobFactory@4c2ed6a8
 2017-12-13 16:16:24,853 - [main][INFO] [DefaultLifecycleProcessor.java:334] - Starting beans in phase 2147483647
 2017-12-13 16:16:24,853 - [main][INFO] [SchedulerFactoryBean.java:648] - Starting Quartz Scheduler now
 2017-12-13 16:16:24,853 - [main][INFO] [QuartzScheduler.java:575] - Scheduler startQuertz_$_NON_CLUSTERED started.
 2017-12-13 16:16:24,856 - [main][INFO] [PullOfferLauncher.java:20] - server start success.
 2017-12-13 16:17:00,028 - [startQuertz_Worker-1][INFO] [PullOfferV1.java:24] - update offer start.....
 2017-12-13 16:17:01,712 - [startQuertz_Worker-1][INFO] [PullOfferV1.java:51] - update offer into tem  end.....
 2017-12-13 17:29:01,217 - [XMemcached-HeartBeatPool[MemcachedClient-0]-0][WARN] [MemcachedHandler.java:246] - Session(54.254.227.241:11211) heartbeat fail 4 times,close session and try to heal it
 2017-12-13 17:29:01,297 - [XMemcached-HeartBeatPool[MemcachedClient-0]-0][WARN] [MemcachedConnector.java:365] - Remove a session: 54.254.227.241:11211
 2017-12-13 17:29:03,300 - [Heal-Session-Thread][WARN] [MemcachedConnector.java:125] - Trying to connect to 54.254.227.241:11211 for 1 times
 2017-12-13 17:29:04,375 - [Xmemcached-Reactor-0][WARN] [MemcachedConnector.java:251] - Add a session: 54.254.227.241:11211
 2017-12-13 17:29:16,970 - [XMemcached-HeartBeatPool[MemcachedClient-0]-0][WARN] [MemcachedHandler.java:246] - Session(54.254.227.241:11211) heartbeat fail 4 times,close session and try to heal it
 2017-12-13 17:29:17,161 - [XMemcached-HeartBeatPool[MemcachedClient-0]-0][WARN] [MemcachedConnector.java:365] - Remove a session: 54.254.227.241:11211
 2017-12-13 17:29:19,165 - [Heal-Session-Thread][WARN] [MemcachedConnector.java:125] - Trying to connect to 54.254.227.241:11211 for 1 times
 2017-12-13 17:29:19,239 - [Xmemcached-Reactor-0][WARN] [MemcachedConnector.java:251] - Add a session: 54.254.227.241:11211
 